2024-05-24 21:41:22,910.v3_emitter_of_tasks.INFO ==================================================
2024-05-24 21:41:22,910.v3_emitter_of_tasks.INFO Today is 2024-05-24 at 09:41 PM
2024-05-24 21:41:22,910.v3_emitter_of_tasks.INFO Running on: posix Darwin 23.5.0
2024-05-24 21:41:22,910.v3_emitter_of_tasks.INFO Python version:  3.12.3
2024-05-24 21:41:22,910.v3_emitter_of_tasks.INFO Python path: /Library/Frameworks/Python.framework/Versions/3.12
2024-05-24 21:41:22,910.v3_emitter_of_tasks.INFO Working dir: /Users/levilowther/ds-venv/streaming-04-multiple-consumers
2024-05-24 21:41:22,910.v3_emitter_of_tasks.INFO ==================================================
2024-05-24 21:41:22,918.v3_emitter_of_tasks.INFO  [x] Sent First task....
2024-05-24 21:41:22,926.v3_emitter_of_tasks.INFO  [x] Sent Second task....
2024-05-24 21:41:22,932.v3_emitter_of_tasks.INFO  [x] Sent Third task....
2024-05-24 21:41:22,938.v3_emitter_of_tasks.INFO  [x] Sent Forth task...
2024-05-24 21:41:22,944.v3_emitter_of_tasks.INFO  [x] Sent Fifth task...
2024-05-24 21:41:22,950.v3_emitter_of_tasks.INFO  [x] Sent Sixth task...
2024-05-24 21:41:22,958.v3_emitter_of_tasks.INFO  [x] Sent Seventh task...
2024-05-24 21:41:22,967.v3_emitter_of_tasks.INFO  [x] Sent 8th task...
2024-05-24 21:41:22,974.v3_emitter_of_tasks.INFO  [x] Sent 9th task...
2024-05-24 21:41:22,982.v3_emitter_of_tasks.INFO  [x] Sent 10th task...
2024-05-24 21:41:22,987.v3_emitter_of_tasks.INFO  [x] Sent 11th task...
2024-05-24 21:41:22,991.v3_emitter_of_tasks.INFO  [x] Sent 12th task... 
2024-05-24 21:41:22,996.v3_emitter_of_tasks.INFO  [x] Sent 13th task...
2024-05-24 21:41:23,000.v3_emitter_of_tasks.INFO  [x] Sent 14th task...
2024-05-24 21:41:23,004.v3_emitter_of_tasks.INFO  [x] Sent 15th task...
2024-05-24 21:41:23,009.v3_emitter_of_tasks.INFO  [x] Sent 16th task...
2024-05-24 21:41:23,015.v3_emitter_of_tasks.INFO  [x] Sent 17th task...
2024-05-24 21:41:23,020.v3_emitter_of_tasks.INFO  [x] Sent 18th task...
2024-05-24 21:41:23,024.v3_emitter_of_tasks.INFO  [x] Sent 19th task...
2024-05-24 21:41:23,028.v3_emitter_of_tasks.INFO  [x] Sent 20th task...
