2024-05-24 21:38:47,589.v3_listening_worker.INFO ==================================================
2024-05-24 21:38:47,589.v3_listening_worker.INFO Today is 2024-05-24 at 09:38 PM
2024-05-24 21:38:47,589.v3_listening_worker.INFO Running on: posix Darwin 23.5.0
2024-05-24 21:38:47,589.v3_listening_worker.INFO Python version:  3.12.3
2024-05-24 21:38:47,589.v3_listening_worker.INFO Python path: /Library/Frameworks/Python.framework/Versions/3.12
2024-05-24 21:38:47,589.v3_listening_worker.INFO Working dir: /Users/levilowther/ds-venv/streaming-04-multiple-consumers
2024-05-24 21:38:47,589.v3_listening_worker.INFO ==================================================
2024-05-24 21:41:22,927.v3_listening_worker.INFO  [x] Received Second task....
2024-05-24 21:41:26,932.v3_listening_worker.INFO  [x] Done.
2024-05-24 21:41:26,937.v3_listening_worker.INFO  [x] Received Forth task...
2024-05-24 21:41:29,941.v3_listening_worker.INFO  [x] Done.
2024-05-24 21:41:29,943.v3_listening_worker.INFO  [x] Received Fifth task...
2024-05-24 21:41:32,947.v3_listening_worker.INFO  [x] Done.
2024-05-24 21:41:32,949.v3_listening_worker.INFO  [x] Received Seventh task...
2024-05-24 21:41:35,953.v3_listening_worker.INFO  [x] Done.
2024-05-24 21:41:35,955.v3_listening_worker.INFO  [x] Received 9th task...
2024-05-24 21:41:38,960.v3_listening_worker.INFO  [x] Done.
2024-05-24 21:41:38,960.v3_listening_worker.INFO  [x] Received 11th task...
2024-05-24 21:41:41,966.v3_listening_worker.INFO  [x] Done.
2024-05-24 21:41:41,968.v3_listening_worker.INFO  [x] Received 13th task...
2024-05-24 21:41:44,973.v3_listening_worker.INFO  [x] Done.
2024-05-24 21:41:44,975.v3_listening_worker.INFO  [x] Received 15th task...
2024-05-24 21:41:47,979.v3_listening_worker.INFO  [x] Done.
2024-05-24 21:41:47,981.v3_listening_worker.INFO  [x] Received 17th task...
2024-05-24 21:41:50,986.v3_listening_worker.INFO  [x] Done.
2024-05-24 21:41:50,988.v3_listening_worker.INFO  [x] Received 19th task...
2024-05-24 21:41:53,990.v3_listening_worker.INFO  [x] Done.
 Done.
2024-05-24 21:41:36,947.v3_listening_worker.INFO  [x] Received 10th task...
2024-05-24 21:41:39,952.v3_listening_worker.INFO  [x] Done.
2024-05-24 21:41:39,955.v3_listening_worker.INFO  [x] Received 12th task... 
2024-05-24 21:41:42,956.v3_listening_worker.INFO  [x] Done.
2024-05-24 21:41:42,959.v3_listening_worker.INFO  [x] Received 14th task...
2024-05-24 21:41:45,961.v3_listening_worker.INFO  [x] Done.
2024-05-24 21:41:45,962.v3_listening_worker.INFO  [x] Received 16th task...
2024-05-24 21:41:48,967.v3_listening_worker.INFO  [x] Done.
2024-05-24 21:41:48,968.v3_listening_worker.INFO  [x] Received 18th task...
2024-05-24 21:41:51,973.v3_listening_worker.INFO  [x] Done.
2024-05-24 21:41:51,976.v3_listening_worker.INFO  [x] Received 20th task...
2024-05-24 21:41:54,981.v3_listening_worker.INFO  [x] Done.
